------------------------------------------------------------------------------------------------------------------------

[2016-09-26 15:42:39 #1 store] 
Database '/Users/Larry/Documents/workspace/videoclub/db/videoclub.odb' is opened by 1720@iMac.local

[2016-09-26 15:42:39 #2 type] 
Type model.Profile is not enhanced.

[2016-09-26 15:42:39 #3 type] 
Type model.Right is not enhanced.

[2016-09-26 15:42:39 #4 type] 
Type model.User is not enhanced.

[2016-09-26 15:42:39 #5 type] 
Type model.Order is not enhanced.

[2016-09-26 15:42:39 #6 type] 
Type model.Product is not enhanced.

------------------------------------------------------------------------------------------------------------------------

[2016-09-26 16:09:12 #1 store] 
Database '/Users/Larry/Documents/workspace/videoclub/db/videoclub.odb' is opened by 2225@iMac.local

[2016-09-26 16:09:12 #2 type] 
Type model.Profile is not enhanced.

[2016-09-26 16:09:12 #3 type] 
Type model.Right is not enhanced.

[2016-09-26 16:09:12 #4 type] 
Type model.User is not enhanced.

[2016-09-26 16:09:12 #5 type] 
Type model.Order is not enhanced.

[2016-09-26 16:09:12 #6 type] 
Type model.Product is not enhanced.

